

Started GET "/tests/runner.js" for 127.0.0.1 at 2014-01-02 20:31:07 -0800

ActionController::RoutingError (No route matches [GET] "/tests/runner.js"):
  actionpack (4.0.2) lib/action_dispatch/middleware/debug_exceptions.rb:21:in `call'
  actionpack (4.0.2) lib/action_dispatch/middleware/show_exceptions.rb:30:in `call'
  railties (4.0.2) lib/rails/rack/logger.rb:38:in `call_app'
  railties (4.0.2) lib/rails/rack/logger.rb:20:in `block in call'
  activesupport (4.0.2) lib/active_support/tagged_logging.rb:67:in `block in tagged'
  activesupport (4.0.2) lib/active_support/tagged_logging.rb:25:in `tagged'
  activesupport (4.0.2) lib/active_support/tagged_logging.rb:67:in `tagged'
  railties (4.0.2) lib/rails/rack/logger.rb:20:in `call'
  actionpack (4.0.2) lib/action_dispatch/middleware/request_id.rb:21:in `call'
  rack (1.5.2) lib/rack/methodoverride.rb:21:in `call'
  rack (1.5.2) lib/rack/runtime.rb:17:in `call'
  activesupport (4.0.2) lib/active_support/cache/strategy/local_cache.rb:83:in `call'
  rack (1.5.2) lib/rack/lock.rb:17:in `call'
  actionpack (4.0.2) lib/action_dispatch/middleware/static.rb:64:in `call'
  rack (1.5.2) lib/rack/sendfile.rb:112:in `call'
  railties (4.0.2) lib/rails/engine.rb:511:in `call'
  railties (4.0.2) lib/rails/application.rb:97:in `call'
  rack (1.5.2) lib/rack/lock.rb:17:in `call'
  rack (1.5.2) lib/rack/content_length.rb:14:in `call'
  rack (1.5.2) lib/rack/handler/webrick.rb:60:in `service'
  /Users/jonathancollins/.rvm/rubies/ruby-2.0.0-p353/lib/ruby/2.0.0/webrick/httpserver.rb:138:in `service'
  /Users/jonathancollins/.rvm/rubies/ruby-2.0.0-p353/lib/ruby/2.0.0/webrick/httpserver.rb:94:in `run'
  /Users/jonathancollins/.rvm/rubies/ruby-2.0.0-p353/lib/ruby/2.0.0/webrick/server.rb:295:in `block in start_thread'


  Rendered /Users/jonathancollins/.rvm/gems/ruby-2.0.0-p353/gems/actionpack-4.0.2/lib/action_dispatch/middleware/templates/rescues/_trace.erb (1.5ms)
  Rendered /Users/jonathancollins/.rvm/gems/ruby-2.0.0-p353/gems/actionpack-4.0.2/lib/action_dispatch/middleware/templates/routes/_table.html.erb (44.3ms)
  Rendered /Users/jonathancollins/.rvm/gems/ruby-2.0.0-p353/gems/actionpack-4.0.2/lib/action_dispatch/middleware/templates/rescues/routing_error.erb within rescues/layout (72.7ms)


Started GET "/tests/runner.js" for 127.0.0.1 at 2014-01-02 20:34:12 -0800

ActionController::RoutingError (No route matches [GET] "/tests/runner.js"):
  actionpack (4.0.2) lib/action_dispatch/middleware/debug_exceptions.rb:21:in `call'
  actionpack (4.0.2) lib/action_dispatch/middleware/show_exceptions.rb:30:in `call'
  railties (4.0.2) lib/rails/rack/logger.rb:38:in `call_app'
  railties (4.0.2) lib/rails/rack/logger.rb:20:in `block in call'
  activesupport (4.0.2) lib/active_support/tagged_logging.rb:67:in `block in tagged'
  activesupport (4.0.2) lib/active_support/tagged_logging.rb:25:in `tagged'
  activesupport (4.0.2) lib/active_support/tagged_logging.rb:67:in `tagged'
  railties (4.0.2) lib/rails/rack/logger.rb:20:in `call'
  actionpack (4.0.2) lib/action_dispatch/middleware/request_id.rb:21:in `call'
  rack (1.5.2) lib/rack/methodoverride.rb:21:in `call'
  rack (1.5.2) lib/rack/runtime.rb:17:in `call'
  activesupport (4.0.2) lib/active_support/cache/strategy/local_cache.rb:83:in `call'
  rack (1.5.2) lib/rack/lock.rb:17:in `call'
  actionpack (4.0.2) lib/action_dispatch/middleware/static.rb:64:in `call'
  rack (1.5.2) lib/rack/sendfile.rb:112:in `call'
  railties (4.0.2) lib/rails/engine.rb:511:in `call'
  railties (4.0.2) lib/rails/application.rb:97:in `call'
  rack (1.5.2) lib/rack/lock.rb:17:in `call'
  rack (1.5.2) lib/rack/content_length.rb:14:in `call'
  rack (1.5.2) lib/rack/handler/webrick.rb:60:in `service'
  /Users/jonathancollins/.rvm/rubies/ruby-2.0.0-p353/lib/ruby/2.0.0/webrick/httpserver.rb:138:in `service'
  /Users/jonathancollins/.rvm/rubies/ruby-2.0.0-p353/lib/ruby/2.0.0/webrick/httpserver.rb:94:in `run'
  /Users/jonathancollins/.rvm/rubies/ruby-2.0.0-p353/lib/ruby/2.0.0/webrick/server.rb:295:in `block in start_thread'


  Rendered /Users/jonathancollins/.rvm/gems/ruby-2.0.0-p353/gems/actionpack-4.0.2/lib/action_dispatch/middleware/templates/rescues/_trace.erb (1.5ms)
  Rendered /Users/jonathancollins/.rvm/gems/ruby-2.0.0-p353/gems/actionpack-4.0.2/lib/action_dispatch/middleware/templates/routes/_table.html.erb (7.2ms)
  Rendered /Users/jonathancollins/.rvm/gems/ruby-2.0.0-p353/gems/actionpack-4.0.2/lib/action_dispatch/middleware/templates/rescues/routing_error.erb within rescues/layout (25.8ms)


Started GET "/tests/runner.js" for 127.0.0.1 at 2014-01-02 20:34:16 -0800

ActionController::RoutingError (No route matches [GET] "/tests/runner.js"):
  actionpack (4.0.2) lib/action_dispatch/middleware/debug_exceptions.rb:21:in `call'
  actionpack (4.0.2) lib/action_dispatch/middleware/show_exceptions.rb:30:in `call'
  railties (4.0.2) lib/rails/rack/logger.rb:38:in `call_app'
  railties (4.0.2) lib/rails/rack/logger.rb:20:in `block in call'
  activesupport (4.0.2) lib/active_support/tagged_logging.rb:67:in `block in tagged'
  activesupport (4.0.2) lib/active_support/tagged_logging.rb:25:in `tagged'
  activesupport (4.0.2) lib/active_support/tagged_logging.rb:67:in `tagged'
  railties (4.0.2) lib/rails/rack/logger.rb:20:in `call'
  actionpack (4.0.2) lib/action_dispatch/middleware/request_id.rb:21:in `call'
  rack (1.5.2) lib/rack/methodoverride.rb:21:in `call'
  rack (1.5.2) lib/rack/runtime.rb:17:in `call'
  activesupport (4.0.2) lib/active_support/cache/strategy/local_cache.rb:83:in `call'
  rack (1.5.2) lib/rack/lock.rb:17:in `call'
  actionpack (4.0.2) lib/action_dispatch/middleware/static.rb:64:in `call'
  rack (1.5.2) lib/rack/sendfile.rb:112:in `call'
  railties (4.0.2) lib/rails/engine.rb:511:in `call'
  railties (4.0.2) lib/rails/application.rb:97:in `call'
  rack (1.5.2) lib/rack/lock.rb:17:in `call'
  rack (1.5.2) lib/rack/content_length.rb:14:in `call'
  rack (1.5.2) lib/rack/handler/webrick.rb:60:in `service'
  /Users/jonathancollins/.rvm/rubies/ruby-2.0.0-p353/lib/ruby/2.0.0/webrick/httpserver.rb:138:in `service'
  /Users/jonathancollins/.rvm/rubies/ruby-2.0.0-p353/lib/ruby/2.0.0/webrick/httpserver.rb:94:in `run'
  /Users/jonathancollins/.rvm/rubies/ruby-2.0.0-p353/lib/ruby/2.0.0/webrick/server.rb:295:in `block in start_thread'


  Rendered /Users/jonathancollins/.rvm/gems/ruby-2.0.0-p353/gems/actionpack-4.0.2/lib/action_dispatch/middleware/templates/rescues/_trace.erb (1.5ms)
  Rendered /Users/jonathancollins/.rvm/gems/ruby-2.0.0-p353/gems/actionpack-4.0.2/lib/action_dispatch/middleware/templates/routes/_table.html.erb (1.7ms)
  Rendered /Users/jonathancollins/.rvm/gems/ruby-2.0.0-p353/gems/actionpack-4.0.2/lib/action_dispatch/middleware/templates/rescues/routing_error.erb within rescues/layout (17.7ms)


Started GET "/tests/runner.js" for 127.0.0.1 at 2014-01-02 20:37:33 -0800

ActionController::RoutingError (No route matches [GET] "/tests/runner.js"):
  actionpack (4.0.2) lib/action_dispatch/middleware/debug_exceptions.rb:21:in `call'
  actionpack (4.0.2) lib/action_dispatch/middleware/show_exceptions.rb:30:in `call'
  railties (4.0.2) lib/rails/rack/logger.rb:38:in `call_app'
  railties (4.0.2) lib/rails/rack/logger.rb:20:in `block in call'
  activesupport (4.0.2) lib/active_support/tagged_logging.rb:67:in `block in tagged'
  activesupport (4.0.2) lib/active_support/tagged_logging.rb:25:in `tagged'
  activesupport (4.0.2) lib/active_support/tagged_logging.rb:67:in `tagged'
  railties (4.0.2) lib/rails/rack/logger.rb:20:in `call'
  actionpack (4.0.2) lib/action_dispatch/middleware/request_id.rb:21:in `call'
  rack (1.5.2) lib/rack/methodoverride.rb:21:in `call'
  rack (1.5.2) lib/rack/runtime.rb:17:in `call'
  activesupport (4.0.2) lib/active_support/cache/strategy/local_cache.rb:83:in `call'
  rack (1.5.2) lib/rack/lock.rb:17:in `call'
  actionpack (4.0.2) lib/action_dispatch/middleware/static.rb:64:in `call'
  rack (1.5.2) lib/rack/sendfile.rb:112:in `call'
  actionpack (4.0.2) lib/action_dispatch/middleware/ssl.rb:24:in `call'
  railties (4.0.2) lib/rails/engine.rb:511:in `call'
  railties (4.0.2) lib/rails/application.rb:97:in `call'
  thin (1.6.1) lib/thin/connection.rb:82:in `block in pre_process'
  thin (1.6.1) lib/thin/connection.rb:80:in `catch'
  thin (1.6.1) lib/thin/connection.rb:80:in `pre_process'
  thin (1.6.1) lib/thin/connection.rb:55:in `process'
  thin (1.6.1) lib/thin/connection.rb:41:in `receive_data'
  eventmachine (1.0.3) lib/eventmachine.rb:187:in `run_machine'
  eventmachine (1.0.3) lib/eventmachine.rb:187:in `run'
  thin (1.6.1) lib/thin/backends/base.rb:73:in `start'
  thin (1.6.1) lib/thin/server.rb:162:in `start'
  thin (1.6.1) lib/thin/controllers/controller.rb:87:in `start'
  thin (1.6.1) lib/thin/runner.rb:200:in `run_command'
  thin (1.6.1) lib/thin/runner.rb:156:in `run!'
  thin (1.6.1) bin/thin:6:in `<top (required)>'
  /Users/jonathancollins/.rvm/gems/ruby-2.0.0-p353/bin/thin:23:in `load'
  /Users/jonathancollins/.rvm/gems/ruby-2.0.0-p353/bin/thin:23:in `<main>'
  /Users/jonathancollins/.rvm/gems/ruby-2.0.0-p353/bin/ruby_executable_hooks:15:in `eval'
  /Users/jonathancollins/.rvm/gems/ruby-2.0.0-p353/bin/ruby_executable_hooks:15:in `<main>'


  Rendered /Users/jonathancollins/.rvm/gems/ruby-2.0.0-p353/gems/actionpack-4.0.2/lib/action_dispatch/middleware/templates/rescues/_trace.erb (1.6ms)
  Rendered /Users/jonathancollins/.rvm/gems/ruby-2.0.0-p353/gems/actionpack-4.0.2/lib/action_dispatch/middleware/templates/routes/_table.html.erb (6.3ms)
  Rendered /Users/jonathancollins/.rvm/gems/ruby-2.0.0-p353/gems/actionpack-4.0.2/lib/action_dispatch/middleware/templates/rescues/routing_error.erb within rescues/layout (27.0ms)


Started GET "/tests/runner.js" for 127.0.0.1 at 2014-01-02 20:40:31 -0800

ActionController::RoutingError (No route matches [GET] "/tests/runner.js"):
  actionpack (4.0.2) lib/action_dispatch/middleware/debug_exceptions.rb:21:in `call'
  actionpack (4.0.2) lib/action_dispatch/middleware/show_exceptions.rb:30:in `call'
  railties (4.0.2) lib/rails/rack/logger.rb:38:in `call_app'
  railties (4.0.2) lib/rails/rack/logger.rb:20:in `block in call'
  activesupport (4.0.2) lib/active_support/tagged_logging.rb:67:in `block in tagged'
  activesupport (4.0.2) lib/active_support/tagged_logging.rb:25:in `tagged'
  activesupport (4.0.2) lib/active_support/tagged_logging.rb:67:in `tagged'
  railties (4.0.2) lib/rails/rack/logger.rb:20:in `call'
  actionpack (4.0.2) lib/action_dispatch/middleware/request_id.rb:21:in `call'
  rack (1.5.2) lib/rack/methodoverride.rb:21:in `call'
  rack (1.5.2) lib/rack/runtime.rb:17:in `call'
  activesupport (4.0.2) lib/active_support/cache/strategy/local_cache.rb:83:in `call'
  rack (1.5.2) lib/rack/lock.rb:17:in `call'
  actionpack (4.0.2) lib/action_dispatch/middleware/static.rb:64:in `call'
  rack (1.5.2) lib/rack/sendfile.rb:112:in `call'
  actionpack (4.0.2) lib/action_dispatch/middleware/ssl.rb:24:in `call'
  railties (4.0.2) lib/rails/engine.rb:511:in `call'
  railties (4.0.2) lib/rails/application.rb:97:in `call'
  thin (1.6.1) lib/thin/connection.rb:82:in `block in pre_process'
  thin (1.6.1) lib/thin/connection.rb:80:in `catch'
  thin (1.6.1) lib/thin/connection.rb:80:in `pre_process'
  thin (1.6.1) lib/thin/connection.rb:55:in `process'
  thin (1.6.1) lib/thin/connection.rb:41:in `receive_data'
  eventmachine (1.0.3) lib/eventmachine.rb:187:in `run_machine'
  eventmachine (1.0.3) lib/eventmachine.rb:187:in `run'
  thin (1.6.1) lib/thin/backends/base.rb:73:in `start'
  thin (1.6.1) lib/thin/server.rb:162:in `start'
  thin (1.6.1) lib/thin/controllers/controller.rb:87:in `start'
  thin (1.6.1) lib/thin/runner.rb:200:in `run_command'
  thin (1.6.1) lib/thin/runner.rb:156:in `run!'
  thin (1.6.1) bin/thin:6:in `<top (required)>'
  /Users/jonathancollins/.rvm/gems/ruby-2.0.0-p353/bin/thin:23:in `load'
  /Users/jonathancollins/.rvm/gems/ruby-2.0.0-p353/bin/thin:23:in `<main>'
  /Users/jonathancollins/.rvm/gems/ruby-2.0.0-p353/bin/ruby_executable_hooks:15:in `eval'
  /Users/jonathancollins/.rvm/gems/ruby-2.0.0-p353/bin/ruby_executable_hooks:15:in `<main>'


  Rendered /Users/jonathancollins/.rvm/gems/ruby-2.0.0-p353/gems/actionpack-4.0.2/lib/action_dispatch/middleware/templates/rescues/_trace.erb (2.5ms)
  Rendered /Users/jonathancollins/.rvm/gems/ruby-2.0.0-p353/gems/actionpack-4.0.2/lib/action_dispatch/middleware/templates/routes/_table.html.erb (2.9ms)
  Rendered /Users/jonathancollins/.rvm/gems/ruby-2.0.0-p353/gems/actionpack-4.0.2/lib/action_dispatch/middleware/templates/rescues/routing_error.erb within rescues/layout (25.2ms)


Started GET "/js/app.js" for 127.0.0.1 at 2014-01-03 22:46:17 -0800

ActionController::RoutingError (No route matches [GET] "/js/app.js"):
  actionpack (4.0.2) lib/action_dispatch/middleware/debug_exceptions.rb:21:in `call'
  actionpack (4.0.2) lib/action_dispatch/middleware/show_exceptions.rb:30:in `call'
  railties (4.0.2) lib/rails/rack/logger.rb:38:in `call_app'
  railties (4.0.2) lib/rails/rack/logger.rb:20:in `block in call'
  activesupport (4.0.2) lib/active_support/tagged_logging.rb:67:in `block in tagged'
  activesupport (4.0.2) lib/active_support/tagged_logging.rb:25:in `tagged'
  activesupport (4.0.2) lib/active_support/tagged_logging.rb:67:in `tagged'
  railties (4.0.2) lib/rails/rack/logger.rb:20:in `call'
  actionpack (4.0.2) lib/action_dispatch/middleware/request_id.rb:21:in `call'
  rack (1.5.2) lib/rack/methodoverride.rb:21:in `call'
  rack (1.5.2) lib/rack/runtime.rb:17:in `call'
  activesupport (4.0.2) lib/active_support/cache/strategy/local_cache.rb:83:in `call'
  rack (1.5.2) lib/rack/lock.rb:17:in `call'
  actionpack (4.0.2) lib/action_dispatch/middleware/static.rb:64:in `call'
  rack (1.5.2) lib/rack/sendfile.rb:112:in `call'
  actionpack (4.0.2) lib/action_dispatch/middleware/ssl.rb:24:in `call'
  railties (4.0.2) lib/rails/engine.rb:511:in `call'
  railties (4.0.2) lib/rails/application.rb:97:in `call'
  thin (1.6.1) lib/thin/connection.rb:82:in `block in pre_process'
  thin (1.6.1) lib/thin/connection.rb:80:in `catch'
  thin (1.6.1) lib/thin/connection.rb:80:in `pre_process'
  thin (1.6.1) lib/thin/connection.rb:55:in `process'
  thin (1.6.1) lib/thin/connection.rb:41:in `receive_data'
  eventmachine (1.0.3) lib/eventmachine.rb:187:in `run_machine'
  eventmachine (1.0.3) lib/eventmachine.rb:187:in `run'
  thin (1.6.1) lib/thin/backends/base.rb:73:in `start'
  thin (1.6.1) lib/thin/server.rb:162:in `start'
  thin (1.6.1) lib/thin/controllers/controller.rb:87:in `start'
  thin (1.6.1) lib/thin/runner.rb:200:in `run_command'
  thin (1.6.1) lib/thin/runner.rb:156:in `run!'
  thin (1.6.1) bin/thin:6:in `<top (required)>'
  /Users/jonathancollins/.rvm/gems/ruby-2.0.0-p353/bin/thin:23:in `load'
  /Users/jonathancollins/.rvm/gems/ruby-2.0.0-p353/bin/thin:23:in `<main>'
  /Users/jonathancollins/.rvm/gems/ruby-2.0.0-p353/bin/ruby_executable_hooks:15:in `eval'
  /Users/jonathancollins/.rvm/gems/ruby-2.0.0-p353/bin/ruby_executable_hooks:15:in `<main>'


  Rendered /Users/jonathancollins/.rvm/gems/ruby-2.0.0-p353/gems/actionpack-4.0.2/lib/action_dispatch/middleware/templates/rescues/_trace.erb (1.7ms)
  Rendered /Users/jonathancollins/.rvm/gems/ruby-2.0.0-p353/gems/actionpack-4.0.2/lib/action_dispatch/middleware/templates/routes/_table.html.erb (21.2ms)
  Rendered /Users/jonathancollins/.rvm/gems/ruby-2.0.0-p353/gems/actionpack-4.0.2/lib/action_dispatch/middleware/templates/rescues/routing_error.erb within rescues/layout (143.6ms)


Started GET "/tests/runner.js" for 127.0.0.1 at 2014-01-03 22:46:18 -0800

ActionController::RoutingError (No route matches [GET] "/tests/runner.js"):
  actionpack (4.0.2) lib/action_dispatch/middleware/debug_exceptions.rb:21:in `call'
  actionpack (4.0.2) lib/action_dispatch/middleware/show_exceptions.rb:30:in `call'
  railties (4.0.2) lib/rails/rack/logger.rb:38:in `call_app'
  railties (4.0.2) lib/rails/rack/logger.rb:20:in `block in call'
  activesupport (4.0.2) lib/active_support/tagged_logging.rb:67:in `block in tagged'
  activesupport (4.0.2) lib/active_support/tagged_logging.rb:25:in `tagged'
  activesupport (4.0.2) lib/active_support/tagged_logging.rb:67:in `tagged'
  railties (4.0.2) lib/rails/rack/logger.rb:20:in `call'
  actionpack (4.0.2) lib/action_dispatch/middleware/request_id.rb:21:in `call'
  rack (1.5.2) lib/rack/methodoverride.rb:21:in `call'
  rack (1.5.2) lib/rack/runtime.rb:17:in `call'
  activesupport (4.0.2) lib/active_support/cache/strategy/local_cache.rb:83:in `call'
  rack (1.5.2) lib/rack/lock.rb:17:in `call'
  actionpack (4.0.2) lib/action_dispatch/middleware/static.rb:64:in `call'
  rack (1.5.2) lib/rack/sendfile.rb:112:in `call'
  actionpack (4.0.2) lib/action_dispatch/middleware/ssl.rb:24:in `call'
  railties (4.0.2) lib/rails/engine.rb:511:in `call'
  railties (4.0.2) lib/rails/application.rb:97:in `call'
  thin (1.6.1) lib/thin/connection.rb:82:in `block in pre_process'
  thin (1.6.1) lib/thin/connection.rb:80:in `catch'
  thin (1.6.1) lib/thin/connection.rb:80:in `pre_process'
  thin (1.6.1) lib/thin/connection.rb:55:in `process'
  thin (1.6.1) lib/thin/connection.rb:41:in `receive_data'
  eventmachine (1.0.3) lib/eventmachine.rb:187:in `run_machine'
  eventmachine (1.0.3) lib/eventmachine.rb:187:in `run'
  thin (1.6.1) lib/thin/backends/base.rb:73:in `start'
  thin (1.6.1) lib/thin/server.rb:162:in `start'
  thin (1.6.1) lib/thin/controllers/controller.rb:87:in `start'
  thin (1.6.1) lib/thin/runner.rb:200:in `run_command'
  thin (1.6.1) lib/thin/runner.rb:156:in `run!'
  thin (1.6.1) bin/thin:6:in `<top (required)>'
  /Users/jonathancollins/.rvm/gems/ruby-2.0.0-p353/bin/thin:23:in `load'
  /Users/jonathancollins/.rvm/gems/ruby-2.0.0-p353/bin/thin:23:in `<main>'
  /Users/jonathancollins/.rvm/gems/ruby-2.0.0-p353/bin/ruby_executable_hooks:15:in `eval'
  /Users/jonathancollins/.rvm/gems/ruby-2.0.0-p353/bin/ruby_executable_hooks:15:in `<main>'


  Rendered /Users/jonathancollins/.rvm/gems/ruby-2.0.0-p353/gems/actionpack-4.0.2/lib/action_dispatch/middleware/templates/rescues/_trace.erb (1.8ms)
  Rendered /Users/jonathancollins/.rvm/gems/ruby-2.0.0-p353/gems/actionpack-4.0.2/lib/action_dispatch/middleware/templates/routes/_table.html.erb (1.7ms)
  Rendered /Users/jonathancollins/.rvm/gems/ruby-2.0.0-p353/gems/actionpack-4.0.2/lib/action_dispatch/middleware/templates/rescues/routing_error.erb within rescues/layout (28.6ms)


Started GET "/js/app.js" for 127.0.0.1 at 2014-01-03 22:46:27 -0800

ActionController::RoutingError (No route matches [GET] "/js/app.js"):
  actionpack (4.0.2) lib/action_dispatch/middleware/debug_exceptions.rb:21:in `call'
  actionpack (4.0.2) lib/action_dispatch/middleware/show_exceptions.rb:30:in `call'
  railties (4.0.2) lib/rails/rack/logger.rb:38:in `call_app'
  railties (4.0.2) lib/rails/rack/logger.rb:20:in `block in call'
  activesupport (4.0.2) lib/active_support/tagged_logging.rb:67:in `block in tagged'
  activesupport (4.0.2) lib/active_support/tagged_logging.rb:25:in `tagged'
  activesupport (4.0.2) lib/active_support/tagged_logging.rb:67:in `tagged'
  railties (4.0.2) lib/rails/rack/logger.rb:20:in `call'
  actionpack (4.0.2) lib/action_dispatch/middleware/request_id.rb:21:in `call'
  rack (1.5.2) lib/rack/methodoverride.rb:21:in `call'
  rack (1.5.2) lib/rack/runtime.rb:17:in `call'
  activesupport (4.0.2) lib/active_support/cache/strategy/local_cache.rb:83:in `call'
  rack (1.5.2) lib/rack/lock.rb:17:in `call'
  actionpack (4.0.2) lib/action_dispatch/middleware/static.rb:64:in `call'
  rack (1.5.2) lib/rack/sendfile.rb:112:in `call'
  actionpack (4.0.2) lib/action_dispatch/middleware/ssl.rb:24:in `call'
  railties (4.0.2) lib/rails/engine.rb:511:in `call'
  railties (4.0.2) lib/rails/application.rb:97:in `call'
  thin (1.6.1) lib/thin/connection.rb:82:in `block in pre_process'
  thin (1.6.1) lib/thin/connection.rb:80:in `catch'
  thin (1.6.1) lib/thin/connection.rb:80:in `pre_process'
  thin (1.6.1) lib/thin/connection.rb:55:in `process'
  thin (1.6.1) lib/thin/connection.rb:41:in `receive_data'
  eventmachine (1.0.3) lib/eventmachine.rb:187:in `run_machine'
  eventmachine (1.0.3) lib/eventmachine.rb:187:in `run'
  thin (1.6.1) lib/thin/backends/base.rb:73:in `start'
  thin (1.6.1) lib/thin/server.rb:162:in `start'
  thin (1.6.1) lib/thin/controllers/controller.rb:87:in `start'
  thin (1.6.1) lib/thin/runner.rb:200:in `run_command'
  thin (1.6.1) lib/thin/runner.rb:156:in `run!'
  thin (1.6.1) bin/thin:6:in `<top (required)>'
  /Users/jonathancollins/.rvm/gems/ruby-2.0.0-p353/bin/thin:23:in `load'
  /Users/jonathancollins/.rvm/gems/ruby-2.0.0-p353/bin/thin:23:in `<main>'
  /Users/jonathancollins/.rvm/gems/ruby-2.0.0-p353/bin/ruby_executable_hooks:15:in `eval'
  /Users/jonathancollins/.rvm/gems/ruby-2.0.0-p353/bin/ruby_executable_hooks:15:in `<main>'


  Rendered /Users/jonathancollins/.rvm/gems/ruby-2.0.0-p353/gems/actionpack-4.0.2/lib/action_dispatch/middleware/templates/rescues/_trace.erb (1.8ms)
  Rendered /Users/jonathancollins/.rvm/gems/ruby-2.0.0-p353/gems/actionpack-4.0.2/lib/action_dispatch/middleware/templates/routes/_table.html.erb (1.7ms)
  Rendered /Users/jonathancollins/.rvm/gems/ruby-2.0.0-p353/gems/actionpack-4.0.2/lib/action_dispatch/middleware/templates/rescues/routing_error.erb within rescues/layout (18.3ms)


Started GET "/tests/runner.js" for 127.0.0.1 at 2014-01-03 22:46:27 -0800

ActionController::RoutingError (No route matches [GET] "/tests/runner.js"):
  actionpack (4.0.2) lib/action_dispatch/middleware/debug_exceptions.rb:21:in `call'
  actionpack (4.0.2) lib/action_dispatch/middleware/show_exceptions.rb:30:in `call'
  railties (4.0.2) lib/rails/rack/logger.rb:38:in `call_app'
  railties (4.0.2) lib/rails/rack/logger.rb:20:in `block in call'
  activesupport (4.0.2) lib/active_support/tagged_logging.rb:67:in `block in tagged'
  activesupport (4.0.2) lib/active_support/tagged_logging.rb:25:in `tagged'
  activesupport (4.0.2) lib/active_support/tagged_logging.rb:67:in `tagged'
  railties (4.0.2) lib/rails/rack/logger.rb:20:in `call'
  actionpack (4.0.2) lib/action_dispatch/middleware/request_id.rb:21:in `call'
  rack (1.5.2) lib/rack/methodoverride.rb:21:in `call'
  rack (1.5.2) lib/rack/runtime.rb:17:in `call'
  activesupport (4.0.2) lib/active_support/cache/strategy/local_cache.rb:83:in `call'
  rack (1.5.2) lib/rack/lock.rb:17:in `call'
  actionpack (4.0.2) lib/action_dispatch/middleware/static.rb:64:in `call'
  rack (1.5.2) lib/rack/sendfile.rb:112:in `call'
  actionpack (4.0.2) lib/action_dispatch/middleware/ssl.rb:24:in `call'
  railties (4.0.2) lib/rails/engine.rb:511:in `call'
  railties (4.0.2) lib/rails/application.rb:97:in `call'
  thin (1.6.1) lib/thin/connection.rb:82:in `block in pre_process'
  thin (1.6.1) lib/thin/connection.rb:80:in `catch'
  thin (1.6.1) lib/thin/connection.rb:80:in `pre_process'
  thin (1.6.1) lib/thin/connection.rb:55:in `process'
  thin (1.6.1) lib/thin/connection.rb:41:in `receive_data'
  eventmachine (1.0.3) lib/eventmachine.rb:187:in `run_machine'
  eventmachine (1.0.3) lib/eventmachine.rb:187:in `run'
  thin (1.6.1) lib/thin/backends/base.rb:73:in `start'
  thin (1.6.1) lib/thin/server.rb:162:in `start'
  thin (1.6.1) lib/thin/controllers/controller.rb:87:in `start'
  thin (1.6.1) lib/thin/runner.rb:200:in `run_command'
  thin (1.6.1) lib/thin/runner.rb:156:in `run!'
  thin (1.6.1) bin/thin:6:in `<top (required)>'
  /Users/jonathancollins/.rvm/gems/ruby-2.0.0-p353/bin/thin:23:in `load'
  /Users/jonathancollins/.rvm/gems/ruby-2.0.0-p353/bin/thin:23:in `<main>'
  /Users/jonathancollins/.rvm/gems/ruby-2.0.0-p353/bin/ruby_executable_hooks:15:in `eval'
  /Users/jonathancollins/.rvm/gems/ruby-2.0.0-p353/bin/ruby_executable_hooks:15:in `<main>'


  Rendered /Users/jonathancollins/.rvm/gems/ruby-2.0.0-p353/gems/actionpack-4.0.2/lib/action_dispatch/middleware/templates/rescues/_trace.erb (3.0ms)
  Rendered /Users/jonathancollins/.rvm/gems/ruby-2.0.0-p353/gems/actionpack-4.0.2/lib/action_dispatch/middleware/templates/routes/_table.html.erb (1.6ms)
  Rendered /Users/jonathancollins/.rvm/gems/ruby-2.0.0-p353/gems/actionpack-4.0.2/lib/action_dispatch/middleware/templates/rescues/routing_error.erb within rescues/layout (25.4ms)


Started GET "/tests/runner.js" for 127.0.0.1 at 2014-01-03 23:11:00 -0800

ActionController::RoutingError (No route matches [GET] "/tests/runner.js"):
  actionpack (4.0.2) lib/action_dispatch/middleware/debug_exceptions.rb:21:in `call'
  actionpack (4.0.2) lib/action_dispatch/middleware/show_exceptions.rb:30:in `call'
  railties (4.0.2) lib/rails/rack/logger.rb:38:in `call_app'
  railties (4.0.2) lib/rails/rack/logger.rb:20:in `block in call'
  activesupport (4.0.2) lib/active_support/tagged_logging.rb:67:in `block in tagged'
  activesupport (4.0.2) lib/active_support/tagged_logging.rb:25:in `tagged'
  activesupport (4.0.2) lib/active_support/tagged_logging.rb:67:in `tagged'
  railties (4.0.2) lib/rails/rack/logger.rb:20:in `call'
  actionpack (4.0.2) lib/action_dispatch/middleware/request_id.rb:21:in `call'
  rack (1.5.2) lib/rack/methodoverride.rb:21:in `call'
  rack (1.5.2) lib/rack/runtime.rb:17:in `call'
  activesupport (4.0.2) lib/active_support/cache/strategy/local_cache.rb:83:in `call'
  rack (1.5.2) lib/rack/lock.rb:17:in `call'
  actionpack (4.0.2) lib/action_dispatch/middleware/static.rb:64:in `call'
  rack (1.5.2) lib/rack/sendfile.rb:112:in `call'
  actionpack (4.0.2) lib/action_dispatch/middleware/ssl.rb:24:in `call'
  railties (4.0.2) lib/rails/engine.rb:511:in `call'
  railties (4.0.2) lib/rails/application.rb:97:in `call'
  thin (1.6.1) lib/thin/connection.rb:82:in `block in pre_process'
  thin (1.6.1) lib/thin/connection.rb:80:in `catch'
  thin (1.6.1) lib/thin/connection.rb:80:in `pre_process'
  thin (1.6.1) lib/thin/connection.rb:55:in `process'
  thin (1.6.1) lib/thin/connection.rb:41:in `receive_data'
  eventmachine (1.0.3) lib/eventmachine.rb:187:in `run_machine'
  eventmachine (1.0.3) lib/eventmachine.rb:187:in `run'
  thin (1.6.1) lib/thin/backends/base.rb:73:in `start'
  thin (1.6.1) lib/thin/server.rb:162:in `start'
  thin (1.6.1) lib/thin/controllers/controller.rb:87:in `start'
  thin (1.6.1) lib/thin/runner.rb:200:in `run_command'
  thin (1.6.1) lib/thin/runner.rb:156:in `run!'
  thin (1.6.1) bin/thin:6:in `<top (required)>'
  /Users/jonathancollins/.rvm/gems/ruby-2.0.0-p353/bin/thin:23:in `load'
  /Users/jonathancollins/.rvm/gems/ruby-2.0.0-p353/bin/thin:23:in `<main>'
  /Users/jonathancollins/.rvm/gems/ruby-2.0.0-p353/bin/ruby_executable_hooks:15:in `eval'
  /Users/jonathancollins/.rvm/gems/ruby-2.0.0-p353/bin/ruby_executable_hooks:15:in `<main>'


  Rendered /Users/jonathancollins/.rvm/gems/ruby-2.0.0-p353/gems/actionpack-4.0.2/lib/action_dispatch/middleware/templates/rescues/_trace.erb (1.6ms)
  Rendered /Users/jonathancollins/.rvm/gems/ruby-2.0.0-p353/gems/actionpack-4.0.2/lib/action_dispatch/middleware/templates/routes/_table.html.erb (1.6ms)
  Rendered /Users/jonathancollins/.rvm/gems/ruby-2.0.0-p353/gems/actionpack-4.0.2/lib/action_dispatch/middleware/templates/rescues/routing_error.erb within rescues/layout (18.2ms)


Started GET "/tests/runner.js" for 127.0.0.1 at 2014-01-03 23:14:26 -0800

ActionController::RoutingError (No route matches [GET] "/tests/runner.js"):
  actionpack (4.0.2) lib/action_dispatch/middleware/debug_exceptions.rb:21:in `call'
  actionpack (4.0.2) lib/action_dispatch/middleware/show_exceptions.rb:30:in `call'
  railties (4.0.2) lib/rails/rack/logger.rb:38:in `call_app'
  railties (4.0.2) lib/rails/rack/logger.rb:20:in `block in call'
  activesupport (4.0.2) lib/active_support/tagged_logging.rb:67:in `block in tagged'
  activesupport (4.0.2) lib/active_support/tagged_logging.rb:25:in `tagged'
  activesupport (4.0.2) lib/active_support/tagged_logging.rb:67:in `tagged'
  railties (4.0.2) lib/rails/rack/logger.rb:20:in `call'
  actionpack (4.0.2) lib/action_dispatch/middleware/request_id.rb:21:in `call'
  rack (1.5.2) lib/rack/methodoverride.rb:21:in `call'
  rack (1.5.2) lib/rack/runtime.rb:17:in `call'
  activesupport (4.0.2) lib/active_support/cache/strategy/local_cache.rb:83:in `call'
  rack (1.5.2) lib/rack/lock.rb:17:in `call'
  actionpack (4.0.2) lib/action_dispatch/middleware/static.rb:64:in `call'
  rack (1.5.2) lib/rack/sendfile.rb:112:in `call'
  actionpack (4.0.2) lib/action_dispatch/middleware/ssl.rb:24:in `call'
  railties (4.0.2) lib/rails/engine.rb:511:in `call'
  railties (4.0.2) lib/rails/application.rb:97:in `call'
  thin (1.6.1) lib/thin/connection.rb:82:in `block in pre_process'
  thin (1.6.1) lib/thin/connection.rb:80:in `catch'
  thin (1.6.1) lib/thin/connection.rb:80:in `pre_process'
  thin (1.6.1) lib/thin/connection.rb:55:in `process'
  thin (1.6.1) lib/thin/connection.rb:41:in `receive_data'
  eventmachine (1.0.3) lib/eventmachine.rb:187:in `run_machine'
  eventmachine (1.0.3) lib/eventmachine.rb:187:in `run'
  thin (1.6.1) lib/thin/backends/base.rb:73:in `start'
  thin (1.6.1) lib/thin/server.rb:162:in `start'
  thin (1.6.1) lib/thin/controllers/controller.rb:87:in `start'
  thin (1.6.1) lib/thin/runner.rb:200:in `run_command'
  thin (1.6.1) lib/thin/runner.rb:156:in `run!'
  thin (1.6.1) bin/thin:6:in `<top (required)>'
  /Users/jonathancollins/.rvm/gems/ruby-2.0.0-p353/bin/thin:23:in `load'
  /Users/jonathancollins/.rvm/gems/ruby-2.0.0-p353/bin/thin:23:in `<main>'
  /Users/jonathancollins/.rvm/gems/ruby-2.0.0-p353/bin/ruby_executable_hooks:15:in `eval'
  /Users/jonathancollins/.rvm/gems/ruby-2.0.0-p353/bin/ruby_executable_hooks:15:in `<main>'


  Rendered /Users/jonathancollins/.rvm/gems/ruby-2.0.0-p353/gems/actionpack-4.0.2/lib/action_dispatch/middleware/templates/rescues/_trace.erb (1.7ms)
  Rendered /Users/jonathancollins/.rvm/gems/ruby-2.0.0-p353/gems/actionpack-4.0.2/lib/action_dispatch/middleware/templates/routes/_table.html.erb (1.7ms)
  Rendered /Users/jonathancollins/.rvm/gems/ruby-2.0.0-p353/gems/actionpack-4.0.2/lib/action_dispatch/middleware/templates/rescues/routing_error.erb within rescues/layout (57.1ms)


Started GET "/tests/runner.js" for 127.0.0.1 at 2014-01-03 23:14:29 -0800

ActionController::RoutingError (No route matches [GET] "/tests/runner.js"):
  actionpack (4.0.2) lib/action_dispatch/middleware/debug_exceptions.rb:21:in `call'
  actionpack (4.0.2) lib/action_dispatch/middleware/show_exceptions.rb:30:in `call'
  railties (4.0.2) lib/rails/rack/logger.rb:38:in `call_app'
  railties (4.0.2) lib/rails/rack/logger.rb:20:in `block in call'
  activesupport (4.0.2) lib/active_support/tagged_logging.rb:67:in `block in tagged'
  activesupport (4.0.2) lib/active_support/tagged_logging.rb:25:in `tagged'
  activesupport (4.0.2) lib/active_support/tagged_logging.rb:67:in `tagged'
  railties (4.0.2) lib/rails/rack/logger.rb:20:in `call'
  actionpack (4.0.2) lib/action_dispatch/middleware/request_id.rb:21:in `call'
  rack (1.5.2) lib/rack/methodoverride.rb:21:in `call'
  rack (1.5.2) lib/rack/runtime.rb:17:in `call'
  activesupport (4.0.2) lib/active_support/cache/strategy/local_cache.rb:83:in `call'
  rack (1.5.2) lib/rack/lock.rb:17:in `call'
  actionpack (4.0.2) lib/action_dispatch/middleware/static.rb:64:in `call'
  rack (1.5.2) lib/rack/sendfile.rb:112:in `call'
  actionpack (4.0.2) lib/action_dispatch/middleware/ssl.rb:24:in `call'
  railties (4.0.2) lib/rails/engine.rb:511:in `call'
  railties (4.0.2) lib/rails/application.rb:97:in `call'
  thin (1.6.1) lib/thin/connection.rb:82:in `block in pre_process'
  thin (1.6.1) lib/thin/connection.rb:80:in `catch'
  thin (1.6.1) lib/thin/connection.rb:80:in `pre_process'
  thin (1.6.1) lib/thin/connection.rb:55:in `process'
  thin (1.6.1) lib/thin/connection.rb:41:in `receive_data'
  eventmachine (1.0.3) lib/eventmachine.rb:187:in `run_machine'
  eventmachine (1.0.3) lib/eventmachine.rb:187:in `run'
  thin (1.6.1) lib/thin/backends/base.rb:73:in `start'
  thin (1.6.1) lib/thin/server.rb:162:in `start'
  thin (1.6.1) lib/thin/controllers/controller.rb:87:in `start'
  thin (1.6.1) lib/thin/runner.rb:200:in `run_command'
  thin (1.6.1) lib/thin/runner.rb:156:in `run!'
  thin (1.6.1) bin/thin:6:in `<top (required)>'
  /Users/jonathancollins/.rvm/gems/ruby-2.0.0-p353/bin/thin:23:in `load'
  /Users/jonathancollins/.rvm/gems/ruby-2.0.0-p353/bin/thin:23:in `<main>'
  /Users/jonathancollins/.rvm/gems/ruby-2.0.0-p353/bin/ruby_executable_hooks:15:in `eval'
  /Users/jonathancollins/.rvm/gems/ruby-2.0.0-p353/bin/ruby_executable_hooks:15:in `<main>'


  Rendered /Users/jonathancollins/.rvm/gems/ruby-2.0.0-p353/gems/actionpack-4.0.2/lib/action_dispatch/middleware/templates/rescues/_trace.erb (8.7ms)
  Rendered /Users/jonathancollins/.rvm/gems/ruby-2.0.0-p353/gems/actionpack-4.0.2/lib/action_dispatch/middleware/templates/routes/_table.html.erb (2.0ms)
  Rendered /Users/jonathancollins/.rvm/gems/ruby-2.0.0-p353/gems/actionpack-4.0.2/lib/action_dispatch/middleware/templates/rescues/routing_error.erb within rescues/layout (30.3ms)


Started GET "/scripts/require.js" for 127.0.0.1 at 2014-01-03 23:30:03 -0800

ActionController::RoutingError (No route matches [GET] "/scripts/require.js"):
  actionpack (4.0.2) lib/action_dispatch/middleware/debug_exceptions.rb:21:in `call'
  actionpack (4.0.2) lib/action_dispatch/middleware/show_exceptions.rb:30:in `call'
  railties (4.0.2) lib/rails/rack/logger.rb:38:in `call_app'
  railties (4.0.2) lib/rails/rack/logger.rb:20:in `block in call'
  activesupport (4.0.2) lib/active_support/tagged_logging.rb:67:in `block in tagged'
  activesupport (4.0.2) lib/active_support/tagged_logging.rb:25:in `tagged'
  activesupport (4.0.2) lib/active_support/tagged_logging.rb:67:in `tagged'
  railties (4.0.2) lib/rails/rack/logger.rb:20:in `call'
  actionpack (4.0.2) lib/action_dispatch/middleware/request_id.rb:21:in `call'
  rack (1.5.2) lib/rack/methodoverride.rb:21:in `call'
  rack (1.5.2) lib/rack/runtime.rb:17:in `call'
  activesupport (4.0.2) lib/active_support/cache/strategy/local_cache.rb:83:in `call'
  rack (1.5.2) lib/rack/lock.rb:17:in `call'
  actionpack (4.0.2) lib/action_dispatch/middleware/static.rb:64:in `call'
  rack (1.5.2) lib/rack/sendfile.rb:112:in `call'
  actionpack (4.0.2) lib/action_dispatch/middleware/ssl.rb:24:in `call'
  railties (4.0.2) lib/rails/engine.rb:511:in `call'
  railties (4.0.2) lib/rails/application.rb:97:in `call'
  thin (1.6.1) lib/thin/connection.rb:82:in `block in pre_process'
  thin (1.6.1) lib/thin/connection.rb:80:in `catch'
  thin (1.6.1) lib/thin/connection.rb:80:in `pre_process'
  thin (1.6.1) lib/thin/connection.rb:55:in `process'
  thin (1.6.1) lib/thin/connection.rb:41:in `receive_data'
  eventmachine (1.0.3) lib/eventmachine.rb:187:in `run_machine'
  eventmachine (1.0.3) lib/eventmachine.rb:187:in `run'
  thin (1.6.1) lib/thin/backends/base.rb:73:in `start'
  thin (1.6.1) lib/thin/server.rb:162:in `start'
  thin (1.6.1) lib/thin/controllers/controller.rb:87:in `start'
  thin (1.6.1) lib/thin/runner.rb:200:in `run_command'
  thin (1.6.1) lib/thin/runner.rb:156:in `run!'
  thin (1.6.1) bin/thin:6:in `<top (required)>'
  /Users/jonathancollins/.rvm/gems/ruby-2.0.0-p353/bin/thin:23:in `load'
  /Users/jonathancollins/.rvm/gems/ruby-2.0.0-p353/bin/thin:23:in `<main>'
  /Users/jonathancollins/.rvm/gems/ruby-2.0.0-p353/bin/ruby_executable_hooks:15:in `eval'
  /Users/jonathancollins/.rvm/gems/ruby-2.0.0-p353/bin/ruby_executable_hooks:15:in `<main>'


  Rendered /Users/jonathancollins/.rvm/gems/ruby-2.0.0-p353/gems/actionpack-4.0.2/lib/action_dispatch/middleware/templates/rescues/_trace.erb (1.8ms)
  Rendered /Users/jonathancollins/.rvm/gems/ruby-2.0.0-p353/gems/actionpack-4.0.2/lib/action_dispatch/middleware/templates/routes/_table.html.erb (1.9ms)
  Rendered /Users/jonathancollins/.rvm/gems/ruby-2.0.0-p353/gems/actionpack-4.0.2/lib/action_dispatch/middleware/templates/rescues/routing_error.erb within rescues/layout (18.6ms)
